[enigma-software-template.webflow.io/home/startup.html]
[backblue.gif]
[fade.gif]
[index.html]
[uploads-ssl.webflow.com/5d383a8df1f7ed4f58791999/css/enigma-software-template.webflow.ee08a6ee3.min.css]
[ajax.googleapis.com/ajax/libs/webfont/1.6.26/webfont.js]
[uploads-ssl.webflow.com/5d383a8df1f7ed4f58791999/5d39d839eeeaad6bdb0f659e_fav.png]
[uploads-ssl.webflow.com/5d383a8df1f7ed4f58791999/5d383b2697a39ea76c3bd19f_clip.png]
[enigma-software-template.webflow.io/home/saas.html]
[enigma-software-template.webflow.io/home/company.html]
[enigma-software-template.webflow.io/home/developers.html]
[uploads-ssl.webflow.com/5d383a8df1f7ed4f58791999/5d383abaf1f7ed7c08791a15_icons8-cardboard-box-100.png]
[uploads-ssl.webflow.com/5d383a8df1f7ed4f58791999/5d383abaf1f7ed54ba791a13_icons8-paint-palette-100.png]
[uploads-ssl.webflow.com/5d383a8df1f7ed4f58791999/5d383abaf1f7ed4253791a11_icons8-adjustment-100.png]
[uploads-ssl.webflow.com/5d383a8df1f7ed4f58791999/5d383abaf1f7ed4adb791a17_icons8-time-100.png]
[uploads-ssl.webflow.com/5d383a8df1f7ed4f58791999/5d38ba973567bcea8abb122b_icons8-page-100.png]
[enigma-software-template.webflow.io/home/startup.html]
[uploads-ssl.webflow.com/5d383a8df1f7ed4f58791999/css/enigma-software-template.webflow.ee08a6ee3.min.css]
[uploads-ssl.webflow.com/5d383a8df1f7ed4f58791999/js/webflow.917fc9330.js]
[d3e54v103j8qbb.cloudfront.net/js/jquery-3.4.1.min.220afd743d613e.js]
[uploads-ssl.webflow.com/5d383a8df1f7ed4f58791999/5d38ba973567bc2124bb1204_phone.png]
[uploads-ssl.webflow.com/5d383a8df1f7ed4f58791999/5d38ba973567bc9cc6bb1206_rocket.png]
[uploads-ssl.webflow.com/5d383a8df1f7ed4f58791999/5d38ba973567bc58febb120a_box.png]
[uploads-ssl.webflow.com/5d383a8df1f7ed4f58791999/5d38ba973567bc18b3bb1208_robot.png]
[uploads-ssl.webflow.com/5d383a8df1f7ed4f58791999/5d38ba973567bc27f9bb1224_icons8-chupa-chups-100.png]
[uploads-ssl.webflow.com/5d383a8df1f7ed4f58791999/5d38ba973567bc0a87bb1228_icons8-chocolate-bar-100.png]
[uploads-ssl.webflow.com/5d383a8df1f7ed4f58791999/5d38ba973567bc52f2bb1226_icons8-american-pancakes-100.png]
[uploads-ssl.webflow.com/5d383a8df1f7ed4f58791999/5d38ba973567bc0c43bb1216_icons8-like-message-100.png]
[enigma-software-template.webflow.io/home/saas.html]
[uploads-ssl.webflow.com/5d383a8df1f7ed4f58791999/5d38d0da7a00da45b6d9af63_icons8-apple-logo-100.png]
[d3e54v103j8qbb.cloudfront.net/js/jquery-3.5.1.min.dc5e7f18c8613e.js]
[uploads-ssl.webflow.com/5d383a8df1f7ed4f58791999/5d38d0da7a00da7fd2d9af65_icons8-windows-10-100.png]
[uploads-ssl.webflow.com/5d383a8df1f7ed4f58791999/5d38d0da7a00dabfbdd9af61_icons8-android-os-100.png]
[enigma-software-template.webflow.io/home/company.html]
[uploads-ssl.webflow.com/5d383a8df1f7ed4f58791999/5d38ddc87a00da308cd9f637_icons8-rocket-100.png]
[uploads-ssl.webflow.com/5d383a8df1f7ed4f58791999/5d38ddc87a00dae871d9f639_icons8-super-mario-100.png]
[uploads-ssl.webflow.com/5d383a8df1f7ed4f58791999/5d38d0da7a00da0ae8d9af67_icons8-heart-100.png]
[uploads-ssl.webflow.com/5d383a8df1f7ed4f58791999/5d38d0da7a00da6821d9af5b_icons8-network-care-100.png]
[uploads-ssl.webflow.com/5d383a8df1f7ed4f58791999/5d38d0da7a00da4930d9af59_icons8-severity-100.png]
[enigma-software-template.webflow.io/home/developers.html]
[enigma-software-template.webflow.io/home/application]
[enigma-software-template.webflow.io/home/agency]
[enigma-software-template.webflow.io/home/_https_/uploads-ssl.webflow.com/5d383fa791bed063aa987065/5d383fadf1f7ed3e8a79534e_1563967404597-image3.jpg_]
[enigma-software-template.webflow.io/home/_https_/uploads-ssl.webflow.com/5d383fa791bed063aa987065/5d383fadc65d4093c820ff5f_1563967404485-image15.jpg_]
